#
# A fatal error has been detected by the Java Runtime Environment:
#
#  Internal Error (safepoint.cpp:317), pid=15543, tid=139899581880064
#  guarantee(PageArmed == 0) failed: invariant
#
# JRE version: 7.0_25-b30
# Java VM: OpenJDK 64-Bit Server VM (23.7-b01 mixed mode linux-amd64 compressed oops)
# Failed to write core dump. Core dumps have been disabled. To enable core dumping, try "ulimit -c unlimited" before starting Java again
#
# If you would like to submit a bug report, please include
# instructions on how to reproduce the bug and visit:
#   https://bugs.launchpad.net/ubuntu/+source/openjdk-7/
#

---------------  T H R E A D  ---------------

Current thread (0x00007f3cf00a7800):  VMThread [stack: 0x00007f3ce8d1d000,0x00007f3ce8e1e000] [id=15553]

Stack: [0x00007f3ce8d1d000,0x00007f3ce8e1e000],  sp=0x00007f3ce8e1cb30,  free space=1022k
Native frames: (J=compiled Java code, j=interpreted, Vv=VM code, C=native code)
V  [libjvm.so+0x84e92b]  VMError::report_and_die()+0x16b
V  [libjvm.so+0x3ebcfb]  report_vm_error(char const*, int, char const*, char const*)+0x5b
V  [libjvm.so+0x776539]  SafepointSynchronize::begin()+0x669
V  [libjvm.so+0x8532df]  VMThread::loop()+0x1ef
V  [libjvm.so+0x853872]  VMThread::run()+0x72
V  [libjvm.so+0x6f3312]  java_start(Thread*)+0xf2

VM_Operation (0x00007f3ca8000a30): EnableBiasedLocking, mode: async safepoint, requested by thread 0x00007f3cf011d800


---------------  P R O C E S S  ---------------

Java Threads: ( => current thread )
  0x00007f3cf01af000 JavaThread "Thread-2" [_thread_in_native, id=15564, stack(0x00007f3cda8be000,0x00007f3cda9bf000)]
  0x00007f3cf01ad000 JavaThread "Thread-1" [_thread_in_Java, id=15563, stack(0x00007f3cda9bf000,0x00007f3cdaac0000)]
  0x00007f3cf01ab800 JavaThread "Thread-0" [_thread_in_native, id=15562, stack(0x00007f3ce8077000,0x00007f3ce8178000)]
  0x00007f3cf0113000 JavaThread "Service Thread" daemon [_thread_blocked, id=15559, stack(0x00007f3ce82aa000,0x00007f3ce83ab000)]
  0x00007f3cf0110800 JavaThread "C2 CompilerThread1" daemon [_thread_blocked, id=15558, stack(0x00007f3ce83ab000,0x00007f3ce84ac000)]
  0x00007f3cf010d800 JavaThread "C2 CompilerThread0" daemon [_thread_blocked, id=15557, stack(0x00007f3ce84ac000,0x00007f3ce85ad000)]
  0x00007f3cf010b800 JavaThread "Signal Dispatcher" daemon [_thread_blocked, id=15556, stack(0x00007f3ce85ad000,0x00007f3ce86ae000)]
  0x00007f3cf00b2000 JavaThread "Finalizer" daemon [_thread_blocked, id=15555, stack(0x00007f3ce8b1b000,0x00007f3ce8c1c000)]
  0x00007f3cf00af800 JavaThread "Reference Handler" daemon [_thread_blocked, id=15554, stack(0x00007f3ce8c1c000,0x00007f3ce8d1d000)]
  0x00007f3cf0009000 JavaThread "main" [_thread_blocked, id=15548, stack(0x00007f3cf63f6000,0x00007f3cf64f7000)]

Other Threads:
=>0x00007f3cf00a7800 VMThread [stack: 0x00007f3ce8d1d000,0x00007f3ce8e1e000] [id=15553]
  0x00007f3cf011d800 WatcherThread [stack: 0x00007f3ce81a9000,0x00007f3ce82aa000] [id=15560]

VM state:synchronizing (normal execution)

VM Mutex/Monitor currently owned by a thread:  ([mutex/lock_event])
[0x00007f3cf0005480] Safepoint_lock - owner thread: 0x00007f3cf00a7800
[0x00007f3cf0005500] Threads_lock - owner thread: 0x00007f3cf00a7800

Heap
 PSYoungGen      total 46272K, used 3174K [0x00000007cc560000, 0x00000007cf900000, 0x0000000800000000)
  eden space 39680K, 8% used [0x00000007cc560000,0x00000007cc879b28,0x00000007cec20000)
  from space 6592K, 0% used [0x00000007cf290000,0x00000007cf290000,0x00000007cf900000)
  to   space 6592K, 0% used [0x00000007cec20000,0x00000007cec20000,0x00000007cf290000)
 ParOldGen       total 105792K, used 0K [0x0000000765000000, 0x000000076b750000, 0x00000007cc560000)
  object space 105792K, 0% used [0x0000000765000000,0x0000000765000000,0x000000076b750000)
 PSPermGen       total 21248K, used 3245K [0x000000075aa00000, 0x000000075bec0000, 0x0000000765000000)
  object space 21248K, 15% used [0x000000075aa00000,0x000000075ad2b430,0x000000075bec0000)

Card table byte_map: [0x00007f3cebc51000,0x00007f3cec17d000] byte_map_base: 0x00007f3ce817c000

Polling page: 0x00007f3cf6515000

Code Cache  [0x00007f3cec17d000, 0x00007f3cec3ed000, 0x00007f3cef17d000)
 total_blobs=187 nmethods=6 adapters=134 free_code_cache=48764Kb largest_free_block=49914944

Compilation events (10 events):
Event: 0.142 Thread 0x00007f3cf010d800 nmethod 1 0x00007f3cec1df110 code [0x00007f3cec1df240, 0x00007f3cec1df2b8]
Event: 0.142 Thread 0x00007f3cf010d800    3             java.util.LinkedList::size (5 bytes)
Event: 0.142 Thread 0x00007f3cf0110800 nmethod 2 0x00007f3cec1df350 code [0x00007f3cec1df4a0, 0x00007f3cec1df538]
Event: 0.142 Thread 0x00007f3cf0110800    1 % !         com.microblog.paxos.Dispenser::run @ 0 (156 bytes)
Event: 0.142 Thread 0x00007f3cf010d800 nmethod 3 0x00007f3cec1df5d0 code [0x00007f3cec1df700, 0x00007f3cec1df758]
Event: 0.146 Thread 0x00007f3cf0110800 nmethod 1% 0x00007f3cec1dd3d0 code [0x00007f3cec1dd540, 0x00007f3cec1dd6e8]
Event: 2.306 Thread 0x00007f3cf010d800    4             com.microblog.paxos.Dispenser::isPostFinished (28 bytes)
Event: 2.307 Thread 0x00007f3cf010d800 nmethod 4 0x00007f3cec1dd190 code [0x00007f3cec1dd2c0, 0x00007f3cec1dd358]
Event: 2.307 Thread 0x00007f3cf010d800    2 % !         com.microblog.paxos.Dispenser::run @ 0 (156 bytes)
Event: 2.317 Thread 0x00007f3cf010d800 nmethod 2% 0x00007f3cec1dc710 code [0x00007f3cec1dc8e0, 0x00007f3cec1dcd20]

GC Heap History (0 events):
No events

Deoptimization events (2 events):
Event: 2.306 Thread 0x00007f3cf01ad000 Uncommon trap -20 fr.pc 0x00007f3cec1dd64c
Event: 2.306 Thread 0x00007f3cf01ad000 Uncommon trap -20 fr.pc 0x00007f3cec1df298

Internal exceptions (10 events):
Event: 0.110 Thread 0x00007f3cf0009000 Threw 0x00000007cc5b9cc8 at /build/buildd/openjdk-7-7u25-2.3.10/build/openjdk/hotspot/src/share/vm/prims/jvm.cpp:1235
Event: 0.122 Thread 0x00007f3cf0009000 Threw 0x00000007cc5cc268 at /build/buildd/openjdk-7-7u25-2.3.10/build/openjdk/hotspot/src/share/vm/prims/jvm.cpp:1235
Event: 0.123 Thread 0x00007f3cf0009000 Threw 0x00000007cc5cec78 at /build/buildd/openjdk-7-7u25-2.3.10/build/openjdk/hotspot/src/share/vm/prims/jvm.cpp:1235
Event: 0.124 Thread 0x00007f3cf0009000 Threw 0x00000007cc5d1818 at /build/buildd/openjdk-7-7u25-2.3.10/build/openjdk/hotspot/src/share/vm/prims/jvm.cpp:1235
Event: 0.124 Thread 0x00007f3cf0009000 Threw 0x00000007cc5d4778 at /build/buildd/openjdk-7-7u25-2.3.10/build/openjdk/hotspot/src/share/vm/prims/jvm.cpp:1235
Event: 0.125 Thread 0x00007f3cf0009000 Threw 0x00000007cc5d6f10 at /build/buildd/openjdk-7-7u25-2.3.10/build/openjdk/hotspot/src/share/vm/prims/jvm.cpp:1235
Event: 0.125 Thread 0x00007f3cf0009000 Threw 0x00000007cc5d9790 at /build/buildd/openjdk-7-7u25-2.3.10/build/openjdk/hotspot/src/share/vm/prims/jvm.cpp:1235
Event: 0.126 Thread 0x00007f3cf0009000 Threw 0x00000007cc5dc120 at /build/buildd/openjdk-7-7u25-2.3.10/build/openjdk/hotspot/src/share/vm/prims/jvm.cpp:1235
Event: 0.126 Thread 0x00007f3cf0009000 Threw 0x00000007cc5debc0 at /build/buildd/openjdk-7-7u25-2.3.10/build/openjdk/hotspot/src/share/vm/prims/jvm.cpp:1235
Event: 2.304 Thread 0x00007f3cf01af000 Threw 0x00000007cc6fb760 at /build/buildd/openjdk-7-7u25-2.3.10/build/openjdk/hotspot/src/share/vm/prims/jvm.cpp:1235

Events (10 events):
Event: 2.304 loading class 0x00007f3cf005b290 done
Event: 2.304 loading class 0x00007f3cf0185fc0
Event: 2.304 loading class 0x00007f3cf0185fc0 done
Event: 2.306 loading class 0x00007f3cf01a9870
Event: 2.306 loading class 0x00007f3cf01a9870 done
Event: 2.306 Thread 0x00007f3cf01ad000 DEOPT PACKING pc=0x00007f3cec1dd64c sp=0x00007f3cdaabea60
Event: 2.306 Thread 0x00007f3cf01ad000 DEOPT UNPACKING pc=0x00007f3cec1b6145 sp=0x00007f3cdaabea18 mode 2
Event: 2.306 Thread 0x00007f3cf01ad000 DEOPT PACKING pc=0x00007f3cec1df298 sp=0x00007f3cdaabe9f0
Event: 2.306 Thread 0x00007f3cf01ad000 DEOPT UNPACKING pc=0x00007f3cec1b6145 sp=0x00007f3cdaabe9b8 mode 2
Event: 4.085 Executing VM operation: EnableBiasedLocking


Dynamic libraries:
00400000-00401000 r-xp 00000000 07:00 491751                             /usr/lib/jvm/java-7-openjdk-amd64/jre/bin/java
00600000-00601000 r--p 00000000 07:00 491751                             /usr/lib/jvm/java-7-openjdk-amd64/jre/bin/java
00601000-00602000 rw-p 00001000 07:00 491751                             /usr/lib/jvm/java-7-openjdk-amd64/jre/bin/java
0253d000-0255e000 rw-p 00000000 00:00 0                                  [heap]
75aa00000-75bec0000 rw-p 00000000 00:00 0 
75bec0000-765000000 rw-p 00000000 00:00 0 
765000000-76b750000 rw-p 00000000 00:00 0 
76b750000-7cc560000 rw-p 00000000 00:00 0 
7cc560000-7cf900000 rw-p 00000000 00:00 0 
7cf900000-800000000 rw-p 00000000 00:00 0 
7f3ca0000000-7f3ca0021000 rw-p 00000000 00:00 0 
7f3ca0021000-7f3ca4000000 ---p 00000000 00:00 0 
7f3ca4000000-7f3ca4021000 rw-p 00000000 00:00 0 
7f3ca4021000-7f3ca8000000 ---p 00000000 00:00 0 
7f3ca8000000-7f3ca8021000 rw-p 00000000 00:00 0 
7f3ca8021000-7f3cac000000 ---p 00000000 00:00 0 
7f3cac000000-7f3cac021000 rw-p 00000000 00:00 0 
7f3cac021000-7f3cb0000000 ---p 00000000 00:00 0 
7f3cb0000000-7f3cb0050000 rw-p 00000000 00:00 0 
7f3cb0050000-7f3cb4000000 ---p 00000000 00:00 0 
7f3cb4000000-7f3cb4021000 rw-p 00000000 00:00 0 
7f3cb4021000-7f3cb8000000 ---p 00000000 00:00 0 
7f3cb8000000-7f3cb8021000 rw-p 00000000 00:00 0 
7f3cb8021000-7f3cbc000000 ---p 00000000 00:00 0 
7f3cbc000000-7f3cbc0a7000 rw-p 00000000 00:00 0 
7f3cbc0a7000-7f3cc0000000 ---p 00000000 00:00 0 
7f3cc0000000-7f3cc0021000 rw-p 00000000 00:00 0 
7f3cc0021000-7f3cc4000000 ---p 00000000 00:00 0 
7f3cc4000000-7f3cc4021000 rw-p 00000000 00:00 0 
7f3cc4021000-7f3cc8000000 ---p 00000000 00:00 0 
7f3cc8000000-7f3cc8021000 rw-p 00000000 00:00 0 
7f3cc8021000-7f3ccc000000 ---p 00000000 00:00 0 
7f3cced50000-7f3cd4000000 rw-p 00000000 00:00 0 
7f3cd4000000-7f3cd4021000 rw-p 00000000 00:00 0 
7f3cd4021000-7f3cd8000000 ---p 00000000 00:00 0 
7f3cda6b2000-7f3cda8be000 rw-p 00000000 00:00 0 
7f3cda8be000-7f3cda8c1000 ---p 00000000 00:00 0 
7f3cda8c1000-7f3cda9bf000 rw-p 00000000 00:00 0                          [stack:15564]
7f3cda9bf000-7f3cda9c2000 ---p 00000000 00:00 0 
7f3cda9c2000-7f3cdaac0000 rw-p 00000000 00:00 0                          [stack:15563]
7f3cdaac0000-7f3cdaafd000 r-xp 00000000 07:00 1174039                    /lib/x86_64-linux-gnu/libpcre.so.3.13.1
7f3cdaafd000-7f3cdacfd000 ---p 0003d000 07:00 1174039                    /lib/x86_64-linux-gnu/libpcre.so.3.13.1
7f3cdacfd000-7f3cdacfe000 r--p 0003d000 07:00 1174039                    /lib/x86_64-linux-gnu/libpcre.so.3.13.1
7f3cdacfe000-7f3cdacff000 rw-p 0003e000 07:00 1174039                    /lib/x86_64-linux-gnu/libpcre.so.3.13.1
7f3cdacff000-7f3cdad06000 r-xp 00000000 07:00 2515986                    /usr/lib/x86_64-linux-gnu/libffi.so.6.0.1
7f3cdad06000-7f3cdaf05000 ---p 00007000 07:00 2515986                    /usr/lib/x86_64-linux-gnu/libffi.so.6.0.1
7f3cdaf05000-7f3cdaf06000 r--p 00006000 07:00 2515986                    /usr/lib/x86_64-linux-gnu/libffi.so.6.0.1
7f3cdaf06000-7f3cdaf07000 rw-p 00007000 07:00 2515986                    /usr/lib/x86_64-linux-gnu/libffi.so.6.0.1
7f3cdaf07000-7f3cdaf1d000 r-xp 00000000 07:00 913489                     /lib/x86_64-linux-gnu/libresolv-2.17.so
7f3cdaf1d000-7f3cdb11d000 ---p 00016000 07:00 913489                     /lib/x86_64-linux-gnu/libresolv-2.17.so
7f3cdb11d000-7f3cdb11e000 r--p 00016000 07:00 913489                     /lib/x86_64-linux-gnu/libresolv-2.17.so
7f3cdb11e000-7f3cdb11f000 rw-p 00017000 07:00 913489                     /lib/x86_64-linux-gnu/libresolv-2.17.so
7f3cdb11f000-7f3cdb121000 rw-p 00000000 00:00 0 
7f3cdb121000-7f3cdb13e000 r-xp 00000000 07:00 197774                     /lib/x86_64-linux-gnu/libselinux.so.1
7f3cdb13e000-7f3cdb33d000 ---p 0001d000 07:00 197774                     /lib/x86_64-linux-gnu/libselinux.so.1
7f3cdb33d000-7f3cdb33e000 r--p 0001c000 07:00 197774                     /lib/x86_64-linux-gnu/libselinux.so.1
7f3cdb33e000-7f3cdb33f000 rw-p 0001d000 07:00 197774                     /lib/x86_64-linux-gnu/libselinux.so.1
7f3cdb33f000-7f3cdb340000 rw-p 00000000 00:00 0 
7f3cdb340000-7f3cdb343000 r-xp 00000000 07:00 98597                      /usr/lib/x86_64-linux-gnu/libgmodule-2.0.so.0.3600.0
7f3cdb343000-7f3cdb542000 ---p 00003000 07:00 98597                      /usr/lib/x86_64-linux-gnu/libgmodule-2.0.so.0.3600.0
7f3cdb542000-7f3cdb543000 r--p 00002000 07:00 98597                      /usr/lib/x86_64-linux-gnu/libgmodule-2.0.so.0.3600.0
7f3cdb543000-7f3cdb544000 rw-p 00003000 07:00 98597                      /usr/lib/x86_64-linux-gnu/libgmodule-2.0.so.0.3600.0
7f3cdb544000-7f3cdb63d000 r-xp 00000000 07:00 913412                     /lib/x86_64-linux-gnu/libglib-2.0.so.0.3600.0
7f3cdb63d000-7f3cdb83d000 ---p 000f9000 07:00 913412                     /lib/x86_64-linux-gnu/libglib-2.0.so.0.3600.0
7f3cdb83d000-7f3cdb83e000 r--p 000f9000 07:00 913412                     /lib/x86_64-linux-gnu/libglib-2.0.so.0.3600.0
7f3cdb83e000-7f3cdb83f000 rw-p 000fa000 07:00 913412                     /lib/x86_64-linux-gnu/libglib-2.0.so.0.3600.0
7f3cdb83f000-7f3cdb840000 rw-p 00000000 00:00 0 
7f3cdb840000-7f3cdb88d000 r-xp 00000000 07:00 98598                      /usr/lib/x86_64-linux-gnu/libgobject-2.0.so.0.3600.0
7f3cdb88d000-7f3cdba8d000 ---p 0004d000 07:00 98598                      /usr/lib/x86_64-linux-gnu/libgobject-2.0.so.0.3600.0
7f3cdba8d000-7f3cdba8e000 r--p 0004d000 07:00 98598                      /usr/lib/x86_64-linux-gnu/libgobject-2.0.so.0.3600.0
7f3cdba8e000-7f3cdba8f000 rw-p 0004e000 07:00 98598                      /usr/lib/x86_64-linux-gnu/libgobject-2.0.so.0.3600.0
7f3cdba8f000-7f3cdbbe2000 r-xp 00000000 07:00 98600                      /usr/lib/x86_64-linux-gnu/libgio-2.0.so.0.3600.0
7f3cdbbe2000-7f3cdbde1000 ---p 00153000 07:00 98600                      /usr/lib/x86_64-linux-gnu/libgio-2.0.so.0.3600.0
7f3cdbde1000-7f3cdbde5000 r--p 00152000 07:00 98600                      /usr/lib/x86_64-linux-gnu/libgio-2.0.so.0.3600.0
7f3cdbde5000-7f3cdbde7000 rw-p 00156000 07:00 98600                      /usr/lib/x86_64-linux-gnu/libgio-2.0.so.0.3600.0
7f3cdbde7000-7f3cdbde9000 rw-p 00000000 00:00 0 
7f3cdbde9000-7f3cdbdff000 r-xp 00000000 07:00 2808847                    /usr/lib/jvm/java-7-openjdk-amd64/jre/lib/amd64/libnet.so
7f3cdbdff000-7f3cdbffe000 ---p 00016000 07:00 2808847                    /usr/lib/jvm/java-7-openjdk-amd64/jre/lib/amd64/libnet.so
7f3cdbffe000-7f3cdbfff000 r--p 00015000 07:00 2808847                    /usr/lib/jvm/java-7-openjdk-amd64/jre/lib/amd64/libnet.so
7f3cdbfff000-7f3cdc000000 rw-p 00016000 07:00 2808847                    /usr/lib/jvm/java-7-openjdk-amd64/jre/lib/amd64/libnet.so
7f3cdc000000-7f3cdc021000 rw-p 00000000 00:00 0 
7f3cdc021000-7f3ce0000000 ---p 00000000 00:00 0 
7f3ce0000000-7f3ce0021000 rw-p 00000000 00:00 0 
7f3ce0021000-7f3ce4000000 ---p 00000000 00:00 0 
7f3ce4000000-7f3ce4021000 rw-p 00000000 00:00 0 
7f3ce4021000-7f3ce8000000 ---p 00000000 00:00 0 
7f3ce8077000-7f3ce807a000 ---p 00000000 00:00 0 
7f3ce807a000-7f3ce81a9000 rw-p 00000000 00:00 0                          [stack:15562]
7f3ce81a9000-7f3ce81aa000 ---p 00000000 00:00 0 
7f3ce81aa000-7f3ce82aa000 rw-p 00000000 00:00 0                          [stack:15560]
7f3ce82aa000-7f3ce82ad000 ---p 00000000 00:00 0 
7f3ce82ad000-7f3ce83ab000 rw-p 00000000 00:00 0                          [stack:15559]
7f3ce83ab000-7f3ce83ae000 ---p 00000000 00:00 0 
7f3ce83ae000-7f3ce84ac000 rw-p 00000000 00:00 0                          [stack:15558]
7f3ce84ac000-7f3ce84af000 ---p 00000000 00:00 0 
7f3ce84af000-7f3ce85ad000 rw-p 00000000 00:00 0                          [stack:15557]
7f3ce85ad000-7f3ce85b0000 ---p 00000000 00:00 0 
7f3ce85b0000-7f3ce86ae000 rw-p 00000000 00:00 0                          [stack:15556]
7f3ce86ae000-7f3ce8b1b000 r--p 00000000 07:00 136571                     /usr/lib/locale/locale-archive
7f3ce8b1b000-7f3ce8b1e000 ---p 00000000 00:00 0 
7f3ce8b1e000-7f3ce8c1c000 rw-p 00000000 00:00 0                          [stack:15555]
7f3ce8c1c000-7f3ce8c1f000 ---p 00000000 00:00 0 
7f3ce8c1f000-7f3ce8d1d000 rw-p 00000000 00:00 0                          [stack:15554]
7f3ce8d1d000-7f3ce8d1e000 ---p 00000000 00:00 0 
7f3ce8d1e000-7f3ce9e3e000 rw-p 00000000 00:00 0                          [stack:15553]
7f3ce9e3e000-7f3ce9feb000 r--s 01cec000 07:00 2806787                    /usr/lib/jvm/java-7-openjdk-amd64/jre/lib/rt.jar
7f3ce9feb000-7f3ceb4bf000 rw-p 00000000 00:00 0 
7f3ceb4bf000-7f3ceb4c0000 ---p 00000000 00:00 0 
7f3ceb4c0000-7f3ceb5c0000 rw-p 00000000 00:00 0                          [stack:15552]
7f3ceb5c0000-7f3ceb5c1000 ---p 00000000 00:00 0 
7f3ceb5c1000-7f3ceb6c1000 rw-p 00000000 00:00 0                          [stack:15551]
7f3ceb6c1000-7f3ceb6c2000 ---p 00000000 00:00 0 
7f3ceb6c2000-7f3ceb7c2000 rw-p 00000000 00:00 0                          [stack:15550]
7f3ceb7c2000-7f3ceb7c3000 ---p 00000000 00:00 0 
7f3ceb7c3000-7f3ceb8ce000 rw-p 00000000 00:00 0                          [stack:15549]
7f3ceb8ce000-7f3ceb916000 rw-p 00000000 00:00 0 
7f3ceb916000-7f3ceb94a000 rw-p 00000000 00:00 0 
7f3ceb94a000-7f3cebc51000 rw-p 00000000 00:00 0 
7f3cebc51000-7f3cebc5c000 rw-p 00000000 00:00 0 
7f3cebc5c000-7f3cebca4000 rw-p 00000000 00:00 0 
7f3cebca4000-7f3cebcd8000 rw-p 00000000 00:00 0 
7f3cebcd8000-7f3cebfde000 rw-p 00000000 00:00 0 
7f3cebfde000-7f3cebff9000 rw-p 00000000 00:00 0 
7f3cebff9000-7f3cec17c000 rw-p 00000000 00:00 0 
7f3cec17c000-7f3cec17d000 rw-p 00000000 00:00 0 
7f3cec17d000-7f3cec3ed000 rwxp 00000000 00:00 0 
7f3cec3ed000-7f3cef17d000 rw-p 00000000 00:00 0 
7f3cef17d000-7f3cef185000 r-xp 00000000 07:00 2808869                    /usr/lib/jvm/java-7-openjdk-amd64/jre/lib/amd64/libzip.so
7f3cef185000-7f3cef384000 ---p 00008000 07:00 2808869                    /usr/lib/jvm/java-7-openjdk-amd64/jre/lib/amd64/libzip.so
7f3cef384000-7f3cef385000 r--p 00007000 07:00 2808869                    /usr/lib/jvm/java-7-openjdk-amd64/jre/lib/amd64/libzip.so
7f3cef385000-7f3cef386000 rw-p 00008000 07:00 2808869                    /usr/lib/jvm/java-7-openjdk-amd64/jre/lib/amd64/libzip.so
7f3cef386000-7f3cef392000 r-xp 00000000 07:00 913568                     /lib/x86_64-linux-gnu/libnss_files-2.17.so
7f3cef392000-7f3cef591000 ---p 0000c000 07:00 913568                     /lib/x86_64-linux-gnu/libnss_files-2.17.so
7f3cef591000-7f3cef592000 r--p 0000b000 07:00 913568                     /lib/x86_64-linux-gnu/libnss_files-2.17.so
7f3cef592000-7f3cef593000 rw-p 0000c000 07:00 913568                     /lib/x86_64-linux-gnu/libnss_files-2.17.so
7f3cef593000-7f3cef59e000 r-xp 00000000 07:00 913564                     /lib/x86_64-linux-gnu/libnss_nis-2.17.so
7f3cef59e000-7f3cef79d000 ---p 0000b000 07:00 913564                     /lib/x86_64-linux-gnu/libnss_nis-2.17.so
7f3cef79d000-7f3cef79e000 r--p 0000a000 07:00 913564                     /lib/x86_64-linux-gnu/libnss_nis-2.17.so
7f3cef79e000-7f3cef79f000 rw-p 0000b000 07:00 913564                     /lib/x86_64-linux-gnu/libnss_nis-2.17.so
7f3cef79f000-7f3cef7b6000 r-xp 00000000 07:00 913484                     /lib/x86_64-linux-gnu/libnsl-2.17.so
7f3cef7b6000-7f3cef9b5000 ---p 00017000 07:00 913484                     /lib/x86_64-linux-gnu/libnsl-2.17.so
7f3cef9b5000-7f3cef9b6000 r--p 00016000 07:00 913484                     /lib/x86_64-linux-gnu/libnsl-2.17.so
7f3cef9b6000-7f3cef9b7000 rw-p 00017000 07:00 913484                     /lib/x86_64-linux-gnu/libnsl-2.17.so
7f3cef9b7000-7f3cef9b9000 rw-p 00000000 00:00 0 
7f3cef9b9000-7f3cef9c1000 r-xp 00000000 07:00 913559                     /lib/x86_64-linux-gnu/libnss_compat-2.17.so
7f3cef9c1000-7f3cefbc0000 ---p 00008000 07:00 913559                     /lib/x86_64-linux-gnu/libnss_compat-2.17.so
7f3cefbc0000-7f3cefbc1000 r--p 00007000 07:00 913559                     /lib/x86_64-linux-gnu/libnss_compat-2.17.so
7f3cefbc1000-7f3cefbc2000 rw-p 00008000 07:00 913559                     /lib/x86_64-linux-gnu/libnss_compat-2.17.so
7f3cefbc2000-7f3cefbed000 r-xp 00000000 07:00 2808856                    /usr/lib/jvm/java-7-openjdk-amd64/jre/lib/amd64/libjava.so
7f3cefbed000-7f3cefdec000 ---p 0002b000 07:00 2808856                    /usr/lib/jvm/java-7-openjdk-amd64/jre/lib/amd64/libjava.so
7f3cefdec000-7f3cefded000 r--p 0002a000 07:00 2808856                    /usr/lib/jvm/java-7-openjdk-amd64/jre/lib/amd64/libjava.so
7f3cefded000-7f3cefdef000 rw-p 0002b000 07:00 2808856                    /usr/lib/jvm/java-7-openjdk-amd64/jre/lib/amd64/libjava.so
7f3cefdef000-7f3cefdfe000 r-xp 00000000 07:00 2808855                    /usr/lib/jvm/java-7-openjdk-amd64/jre/lib/amd64/libverify.so
7f3cefdfe000-7f3cefffd000 ---p 0000f000 07:00 2808855                    /usr/lib/jvm/java-7-openjdk-amd64/jre/lib/amd64/libverify.so
7f3cefffd000-7f3ceffff000 r--p 0000e000 07:00 2808855                    /usr/lib/jvm/java-7-openjdk-amd64/jre/lib/amd64/libverify.so
7f3ceffff000-7f3cf0000000 rw-p 00010000 07:00 2808855                    /usr/lib/jvm/java-7-openjdk-amd64/jre/lib/amd64/libverify.so
7f3cf0000000-7f3cf01b4000 rw-p 00000000 00:00 0 
7f3cf01b4000-7f3cf4000000 ---p 00000000 00:00 0 
7f3cf4006000-7f3cf400d000 r-xp 00000000 07:00 913481                     /lib/x86_64-linux-gnu/librt-2.17.so
7f3cf400d000-7f3cf420c000 ---p 00007000 07:00 913481                     /lib/x86_64-linux-gnu/librt-2.17.so
7f3cf420c000-7f3cf420d000 r--p 00006000 07:00 913481                     /lib/x86_64-linux-gnu/librt-2.17.so
7f3cf420d000-7f3cf420e000 rw-p 00007000 07:00 913481                     /lib/x86_64-linux-gnu/librt-2.17.so
7f3cf420e000-7f3cf4222000 r-xp 00000000 07:00 913641                     /lib/x86_64-linux-gnu/libgcc_s.so.1
7f3cf4222000-7f3cf4422000 ---p 00014000 07:00 913641                     /lib/x86_64-linux-gnu/libgcc_s.so.1
7f3cf4422000-7f3cf4423000 r--p 00014000 07:00 913641                     /lib/x86_64-linux-gnu/libgcc_s.so.1
7f3cf4423000-7f3cf4424000 rw-p 00015000 07:00 913641                     /lib/x86_64-linux-gnu/libgcc_s.so.1
7f3cf4424000-7f3cf4527000 r-xp 00000000 07:00 913562                     /lib/x86_64-linux-gnu/libm-2.17.so
7f3cf4527000-7f3cf4727000 ---p 00103000 07:00 913562                     /lib/x86_64-linux-gnu/libm-2.17.so
7f3cf4727000-7f3cf4728000 r--p 00103000 07:00 913562                     /lib/x86_64-linux-gnu/libm-2.17.so
7f3cf4728000-7f3cf4729000 rw-p 00104000 07:00 913562                     /lib/x86_64-linux-gnu/libm-2.17.so
7f3cf4729000-7f3cf480e000 r-xp 00000000 07:00 2485549                    /usr/lib/x86_64-linux-gnu/libstdc++.so.6.0.17
7f3cf480e000-7f3cf4a0d000 ---p 000e5000 07:00 2485549                    /usr/lib/x86_64-linux-gnu/libstdc++.so.6.0.17
7f3cf4a0d000-7f3cf4a15000 r--p 000e4000 07:00 2485549                    /usr/lib/x86_64-linux-gnu/libstdc++.so.6.0.17
7f3cf4a15000-7f3cf4a17000 rw-p 000ec000 07:00 2485549                    /usr/lib/x86_64-linux-gnu/libstdc++.so.6.0.17
7f3cf4a17000-7f3cf4a2c000 rw-p 00000000 00:00 0 
7f3cf4a2c000-7f3cf541c000 r-xp 00000000 07:00 2820109                    /usr/lib/jvm/java-7-openjdk-amd64/jre/lib/amd64/server/libjvm.so
7f3cf541c000-7f3cf561b000 ---p 009f0000 07:00 2820109                    /usr/lib/jvm/java-7-openjdk-amd64/jre/lib/amd64/server/libjvm.so
7f3cf561b000-7f3cf569a000 r--p 009ef000 07:00 2820109                    /usr/lib/jvm/java-7-openjdk-amd64/jre/lib/amd64/server/libjvm.so
7f3cf569a000-7f3cf56bd000 rw-p 00a6e000 07:00 2820109                    /usr/lib/jvm/java-7-openjdk-amd64/jre/lib/amd64/server/libjvm.so
7f3cf56bd000-7f3cf56e8000 rw-p 00000000 00:00 0 
7f3cf56e8000-7f3cf56fe000 r-xp 00000000 07:00 913621                     /lib/x86_64-linux-gnu/libz.so.1.2.7
7f3cf56fe000-7f3cf58fd000 ---p 00016000 07:00 913621                     /lib/x86_64-linux-gnu/libz.so.1.2.7
7f3cf58fd000-7f3cf58fe000 r--p 00015000 07:00 913621                     /lib/x86_64-linux-gnu/libz.so.1.2.7
7f3cf58fe000-7f3cf58ff000 rw-p 00016000 07:00 913621                     /lib/x86_64-linux-gnu/libz.so.1.2.7
7f3cf58ff000-7f3cf5917000 r-xp 00000000 07:00 913561                     /lib/x86_64-linux-gnu/libpthread-2.17.so
7f3cf5917000-7f3cf5b16000 ---p 00018000 07:00 913561                     /lib/x86_64-linux-gnu/libpthread-2.17.so
7f3cf5b16000-7f3cf5b17000 r--p 00017000 07:00 913561                     /lib/x86_64-linux-gnu/libpthread-2.17.so
7f3cf5b17000-7f3cf5b18000 rw-p 00018000 07:00 913561                     /lib/x86_64-linux-gnu/libpthread-2.17.so
7f3cf5b18000-7f3cf5b1c000 rw-p 00000000 00:00 0 
7f3cf5b1c000-7f3cf5b1f000 r-xp 00000000 07:00 913492                     /lib/x86_64-linux-gnu/libdl-2.17.so
7f3cf5b1f000-7f3cf5d1e000 ---p 00003000 07:00 913492                     /lib/x86_64-linux-gnu/libdl-2.17.so
7f3cf5d1e000-7f3cf5d1f000 r--p 00002000 07:00 913492                     /lib/x86_64-linux-gnu/libdl-2.17.so
7f3cf5d1f000-7f3cf5d20000 rw-p 00003000 07:00 913492                     /lib/x86_64-linux-gnu/libdl-2.17.so
7f3cf5d20000-7f3cf5ede000 r-xp 00000000 07:00 913491                     /lib/x86_64-linux-gnu/libc-2.17.so
7f3cf5ede000-7f3cf60dd000 ---p 001be000 07:00 913491                     /lib/x86_64-linux-gnu/libc-2.17.so
7f3cf60dd000-7f3cf60e1000 r--p 001bd000 07:00 913491                     /lib/x86_64-linux-gnu/libc-2.17.so
7f3cf60e1000-7f3cf60e3000 rw-p 001c1000 07:00 913491                     /lib/x86_64-linux-gnu/libc-2.17.so
7f3cf60e3000-7f3cf60e8000 rw-p 00000000 00:00 0 
7f3cf60e8000-7f3cf60f5000 r-xp 00000000 07:00 897025                     /usr/lib/jvm/java-7-openjdk-amd64/jre/lib/amd64/jli/libjli.so
7f3cf60f5000-7f3cf62f4000 ---p 0000d000 07:00 897025                     /usr/lib/jvm/java-7-openjdk-amd64/jre/lib/amd64/jli/libjli.so
7f3cf62f4000-7f3cf62f5000 r--p 0000c000 07:00 897025                     /usr/lib/jvm/java-7-openjdk-amd64/jre/lib/amd64/jli/libjli.so
7f3cf62f5000-7f3cf62f6000 rw-p 0000d000 07:00 897025                     /usr/lib/jvm/java-7-openjdk-amd64/jre/lib/amd64/jli/libjli.so
7f3cf62f6000-7f3cf6319000 r-xp 00000000 07:00 913487                     /lib/x86_64-linux-gnu/ld-2.17.so
7f3cf6333000-7f3cf6336000 r--s 0000f000 07:00 304460                     /usr/lib/jvm/java-7-openjdk-common/jre/lib/ext/pulse-java.jar
7f3cf6336000-7f3cf6340000 rw-p 00000000 00:00 0 
7f3cf6340000-7f3cf63f6000 rw-p 00000000 00:00 0 
7f3cf63f6000-7f3cf63f9000 ---p 00000000 00:00 0 
7f3cf63f9000-7f3cf64fd000 rw-p 00000000 00:00 0                          [stack:15548]
7f3cf64fd000-7f3cf64fe000 r--s 00002000 07:00 304461                     /usr/lib/jvm/java-7-openjdk-common/jre/lib/ext/dnsns.jar
7f3cf64fe000-7f3cf6501000 r--s 0003c000 07:00 304457                     /usr/lib/jvm/java-7-openjdk-common/jre/lib/ext/sunpkcs11.jar
7f3cf6501000-7f3cf6504000 r--s 00032000 07:00 304459                     /usr/lib/jvm/java-7-openjdk-common/jre/lib/ext/sunjce_provider.jar
7f3cf6504000-7f3cf6506000 r--s 00006000 07:00 2810939                    /usr/share/java/java-atk-wrapper.jar
7f3cf6506000-7f3cf6508000 r--s 00012000 07:00 304462                     /usr/lib/jvm/java-7-openjdk-common/jre/lib/ext/zipfs.jar
7f3cf6508000-7f3cf650c000 r--s 00085000 07:00 304458                     /usr/lib/jvm/java-7-openjdk-common/jre/lib/ext/localedata.jar
7f3cf650c000-7f3cf6514000 rw-s 00000000 07:00 2900993                    /tmp/hsperfdata_wenjie/15543
7f3cf6514000-7f3cf6515000 rw-p 00000000 00:00 0 
7f3cf6515000-7f3cf6516000 ---p 00000000 00:00 0 
7f3cf6516000-7f3cf6518000 rw-p 00000000 00:00 0 
7f3cf6518000-7f3cf6519000 r--p 00022000 07:00 913487                     /lib/x86_64-linux-gnu/ld-2.17.so
7f3cf6519000-7f3cf651b000 rw-p 00023000 07:00 913487                     /lib/x86_64-linux-gnu/ld-2.17.so
7fff313a4000-7fff313c5000 rw-p 00000000 00:00 0                          [stack]
7fff313fe000-7fff31400000 r-xp 00000000 00:00 0                          [vdso]
ffffffffff600000-ffffffffff601000 r-xp 00000000 00:00 0                  [vsyscall]

VM Arguments:
jvm_args: -Dfile.encoding=UTF-8 
java_command: com.microblog.server.FrontServer 1
Launcher Type: SUN_STANDARD

Environment Variables:
PATH=/usr/lib/lightdm/lightdm:/usr/local/sbin:/usr/local/bin:/usr/sbin:/usr/bin:/sbin:/bin:/usr/games:/usr/local/games
SHELL=/bin/bash
DISPLAY=:0

Signal Handlers:
SIGSEGV: [libjvm.so+0x84f410], sa_mask[0]=0x7ffbfeff, sa_flags=0x10000004
SIGBUS: [libjvm.so+0x84f410], sa_mask[0]=0x7ffbfeff, sa_flags=0x10000004
SIGFPE: [libjvm.so+0x6f19a0], sa_mask[0]=0x7ffbfeff, sa_flags=0x10000004
SIGPIPE: [libjvm.so+0x6f19a0], sa_mask[0]=0x7ffbfeff, sa_flags=0x10000004
SIGXFSZ: [libjvm.so+0x6f19a0], sa_mask[0]=0x7ffbfeff, sa_flags=0x10000004
SIGILL: [libjvm.so+0x6f19a0], sa_mask[0]=0x7ffbfeff, sa_flags=0x10000004
SIGUSR1: SIG_DFL, sa_mask[0]=0x00000000, sa_flags=0x00000000
SIGUSR2: [libjvm.so+0x6f1d70], sa_mask[0]=0x00000004, sa_flags=0x10000004
SIGHUP: [libjvm.so+0x6f1eb0], sa_mask[0]=0x7ffbfeff, sa_flags=0x10000004
SIGINT: [libjvm.so+0x6f1eb0], sa_mask[0]=0x7ffbfeff, sa_flags=0x10000004
SIGTERM: [libjvm.so+0x6f1eb0], sa_mask[0]=0x7ffbfeff, sa_flags=0x10000004
SIGQUIT: [libjvm.so+0x6f1eb0], sa_mask[0]=0x7ffbfeff, sa_flags=0x10000004


---------------  S Y S T E M  ---------------

OS:Ubuntu 13.04 (raring)
uname:Linux 3.8.0-31-generic #46-Ubuntu SMP Tue Sep 10 20:03:44 UTC 2013 x86_64
libc:glibc 2.17 NPTL 2.17 
rlimit: STACK 8192k, CORE 0k, NPROC 79177, NOFILE 4096, AS infinity
load average:2.01 2.11 1.82

/proc/meminfo:
MemTotal:       10153876 kB
MemFree:          574916 kB
Buffers:         2702428 kB
Cached:          4078920 kB
SwapCached:            0 kB
Active:          4460544 kB
Inactive:        4565364 kB
Active(anon):    1886256 kB
Inactive(anon):   798364 kB
Active(file):    2574288 kB
Inactive(file):  3767000 kB
Unevictable:        1552 kB
Mlocked:              48 kB
SwapTotal:        262140 kB
SwapFree:         262140 kB
Dirty:               116 kB
Writeback:             0 kB
AnonPages:       2246460 kB
Mapped:           384988 kB
Shmem:            438320 kB
Slab:             395356 kB
SReclaimable:     348560 kB
SUnreclaim:        46796 kB
KernelStack:        5144 kB
PageTables:        43692 kB
NFS_Unstable:          0 kB
Bounce:                0 kB
WritebackTmp:          0 kB
CommitLimit:     5339076 kB
Committed_AS:    6879564 kB
VmallocTotal:   34359738367 kB
VmallocUsed:      421072 kB
VmallocChunk:   34359310844 kB
HardwareCorrupted:     0 kB
AnonHugePages:         0 kB
HugePages_Total:       0
HugePages_Free:        0
HugePages_Rsvd:        0
HugePages_Surp:        0
Hugepagesize:       2048 kB
DirectMap4k:      169984 kB
DirectMap2M:    10231808 kB


CPU:total 4 (2 cores per cpu, 2 threads per core) family 6 model 42 stepping 7, cmov, cx8, fxsr, mmx, sse, sse2, sse3, ssse3, sse4.1, sse4.2, popcnt, avx, ht, tsc, tscinvbit

/proc/cpuinfo:
processor	: 0
vendor_id	: GenuineIntel
cpu family	: 6
model		: 42
model name	: Intel(R) Core(TM) i3-2310M CPU @ 2.10GHz
stepping	: 7
microcode	: 0x14
cpu MHz		: 2100.000
cache size	: 3072 KB
physical id	: 0
siblings	: 4
core id		: 0
cpu cores	: 2
apicid		: 0
initial apicid	: 0
fpu		: yes
fpu_exception	: yes
cpuid level	: 13
wp		: yes
flags		: fpu vme de pse tsc msr pae mce cx8 apic sep mtrr pge mca cmov pat pse36 clflush dts acpi mmx fxsr sse sse2 ss ht tm pbe syscall nx rdtscp lm constant_tsc arch_perfmon pebs bts nopl xtopology nonstop_tsc aperfmperf eagerfpu pni pclmulqdq dtes64 monitor ds_cpl vmx est tm2 ssse3 cx16 xtpr pdcm pcid sse4_1 sse4_2 x2apic popcnt tsc_deadline_timer xsave avx lahf_lm arat epb xsaveopt pln pts dtherm tpr_shadow vnmi flexpriority ept vpid
bogomips	: 4190.75
clflush size	: 64
cache_alignment	: 64
address sizes	: 36 bits physical, 48 bits virtual
power management:

processor	: 1
vendor_id	: GenuineIntel
cpu family	: 6
model		: 42
model name	: Intel(R) Core(TM) i3-2310M CPU @ 2.10GHz
stepping	: 7
microcode	: 0x14
cpu MHz		: 2100.000
cache size	: 3072 KB
physical id	: 0
siblings	: 4
core id		: 0
cpu cores	: 2
apicid		: 1
initial apicid	: 1
fpu		: yes
fpu_exception	: yes
cpuid level	: 13
wp		: yes
flags		: fpu vme de pse tsc msr pae mce cx8 apic sep mtrr pge mca cmov pat pse36 clflush dts acpi mmx fxsr sse sse2 ss ht tm pbe syscall nx rdtscp lm constant_tsc arch_perfmon pebs bts nopl xtopology nonstop_tsc aperfmperf eagerfpu pni pclmulqdq dtes64 monitor ds_cpl vmx est tm2 ssse3 cx16 xtpr pdcm pcid sse4_1 sse4_2 x2apic popcnt tsc_deadline_timer xsave avx lahf_lm arat epb xsaveopt pln pts dtherm tpr_shadow vnmi flexpriority ept vpid
bogomips	: 4190.75
clflush size	: 64
cache_alignment	: 64
address sizes	: 36 bits physical, 48 bits virtual
power management:

processor	: 2
vendor_id	: GenuineIntel
cpu family	: 6
model		: 42
model name	: Intel(R) Core(TM) i3-2310M CPU @ 2.10GHz
stepping	: 7
microcode	: 0x14
cpu MHz		: 2100.000
cache size	: 3072 KB
physical id	: 0
siblings	: 4
core id		: 1
cpu cores	: 2
apicid		: 2
initial apicid	: 2
fpu		: yes
fpu_exception	: yes
cpuid level	: 13
wp		: yes
flags		: fpu vme de pse tsc msr pae mce cx8 apic sep mtrr pge mca cmov pat pse36 clflush dts acpi mmx fxsr sse sse2 ss ht tm pbe syscall nx rdtscp lm constant_tsc arch_perfmon pebs bts nopl xtopology nonstop_tsc aperfmperf eagerfpu pni pclmulqdq dtes64 monitor ds_cpl vmx est tm2 ssse3 cx16 xtpr pdcm pcid sse4_1 sse4_2 x2apic popcnt tsc_deadline_timer xsave avx lahf_lm arat epb xsaveopt pln pts dtherm tpr_shadow vnmi flexpriority ept vpid
bogomips	: 4190.75
clflush size	: 64
cache_alignment	: 64
address sizes	: 36 bits physical, 48 bits virtual
power management:

processor	: 3
vendor_id	: GenuineIntel
cpu family	: 6
model		: 42
model name	: Intel(R) Core(TM) i3-2310M CPU @ 2.10GHz
stepping	: 7
microcode	: 0x14
cpu MHz		: 2100.000
cache size	: 3072 KB
physical id	: 0
siblings	: 4
core id		: 1
cpu cores	: 2
apicid		: 3
initial apicid	: 3
fpu		: yes
fpu_exception	: yes
cpuid level	: 13
wp		: yes
flags		: fpu vme de pse tsc msr pae mce cx8 apic sep mtrr pge mca cmov pat pse36 clflush dts acpi mmx fxsr sse sse2 ss ht tm pbe syscall nx rdtscp lm constant_tsc arch_perfmon pebs bts nopl xtopology nonstop_tsc aperfmperf eagerfpu pni pclmulqdq dtes64 monitor ds_cpl vmx est tm2 ssse3 cx16 xtpr pdcm pcid sse4_1 sse4_2 x2apic popcnt tsc_deadline_timer xsave avx lahf_lm arat epb xsaveopt pln pts dtherm tpr_shadow vnmi flexpriority ept vpid
bogomips	: 4190.75
clflush size	: 64
cache_alignment	: 64
address sizes	: 36 bits physical, 48 bits virtual
power management:



Memory: 4k page, physical 10153876k(574916k free), swap 262140k(262140k free)

vm_info: OpenJDK 64-Bit Server VM (23.7-b01) for linux-amd64 JRE (1.7.0_25-b30), built on Jul  3 2013 13:50:39 by "buildd" with gcc 4.7.3

time: Wed Nov 27 21:57:25 2013
elapsed time: 1510 seconds

